<?xml version="1.0" encoding="UTF-8"?>
<testsuite name="IssueFinderSteps" tests="1" skipped="0" failures="0" errors="0" timestamp="2023-02-06T19:52:12" hostname="HOME-PC" time="7.208">
  <properties/>
  <testcase name="stepsIssueTest()" classname="IssueFinderSteps" time="7.208"/>
  <system-out><![CDATA[]]></system-out>
  <system-err><![CDATA[Starting ChromeDriver 109.0.5414.74 (e7c5703604daa9cc128ccf5a5d3e993513758913-refs/branch-heads/5414@{#1172}) on port 16479
Only local connections are allowed.
Please see https://chromedriver.chromium.org/security-considerations for suggestions on keeping ChromeDriver safe.
ChromeDriver was started successfully.
]]></system-err>
</testsuite>
